make all --print-data-base --no-builtin-variables --no-builtin-rules --question
# GNU Make 3.81
# Copyright (C) 2006  Free Software Foundation, Inc.
# This is free software; see the source for copying conditions.
# There is NO warranty; not even for MERCHANTABILITY or FITNESS FOR A
# PARTICULAR PURPOSE.

# This program built for i386-apple-darwin11.3.0
 
make: *** No rule to make target `all'.  Stop.
 

# Make data base, printed on Tue Mar  9 08:16:46 2021

# Variables

# automatic
<D = $(patsubst %/,%,$(dir $<))
# environment
RUBY_VERSION = ruby-2.6.5
# automatic
?F = $(notdir $?)
# environment
ELECTRON_NO_ATTACH_CONSOLE = 1
# environment
VSCODE_LOG_NATIVE = false
# automatic
?D = $(patsubst %/,%,$(dir $?))
# environment
rvm_path = /Users/emmanuel/.rvm
# automatic
@D = $(patsubst %/,%,$(dir $@))
# automatic
@F = $(notdir $@)
# makefile
CURDIR := /Users/emmanuel/Documents/CODE/EMMANUELAY.SE
# makefile
SHELL = /bin/sh
# environment
VSCODE_NLS_CONFIG = {"locale":"sv","availableLanguages":{},"_languagePackSupport":true}
# environment
_ = /usr/bin/make
# environment
VSCODE_PID = 1643
# makefile (from `makefile', line 1)
MAKEFILE_LIST :=  makefile
# environment
VSCODE_NODE_CACHED_DATA_DIR = /Users/emmanuel/Library/Application Support/Code/CachedData/f30a9b73e8ffc278e71575118b6bf568f04587c8
# environment
rvm_ruby_mode = 
# environment
rvm_ruby_make = 
# environment
VSCODE_VERBOSE_LOGGING = true
# environment
__CFBundleIdentifier = com.apple.Terminal
# environment
rvm_proxy = 
# environment
VSCODE_IPC_HOOK_EXTHOST = /var/folders/vr/q9_z0lx552x4ggzzykkdsxyr0000gn/T/vscode-ipc-c35b69e8-a263-41d4-b2e4-15b93d505850.sock
# environment
rvm_pretty_print_flag = 
# environment
PATH = /Users/emmanuel/.rvm/gems/ruby-2.6.5/bin:/Users/emmanuel/.rvm/gems/ruby-2.6.5@global/bin:/Users/emmanuel/.rvm/rubies/ruby-2.6.5/bin:/usr/local/bin:/usr/local/bin:/usr/bin:/bin:/usr/sbin:/sbin:/Library/TeX/texbin:/usr/local/go/bin:/usr/local/share/dotnet:~/.dotnet/tools:/Library/Apple/usr/bin:/Users/emmanuel/Documents/CODE/GO/bin:/Users/emmanuel/go/bin:/usr/local/mysql/bin:/Applications/Postgres.app/Contents/Versions/9.4/bin:/Users/emmanuel/.rvm/bin
# environment
GOROOT = /usr/local/opt/go/libexec
# environment
LSCOLORS = Gxfxcxdxbxegedabagacad
# environment
rvm_niceness = 
# environment
GOPATH = /Users/emmanuel/Documents/CODE/GO
# environment
rvm_only_path_flag = 
# environment
rvm_gemstone_package_file = 
# environment
VSCODE_LOG_STACK = false
# environment
ELECTRON_RUN_AS_NODE = 1
# environment
rvm_alias_expanded = 
# default
.FEATURES := target-specific order-only second-expansion else-if archives jobserver check-symlink
# environment
SSH_AUTH_SOCK = /private/tmp/com.apple.launchd.hIhcWCfojE/Listeners
# automatic
%F = $(notdir $%)
# environment
VSCODE_PIPE_LOGGING = true
# environment
rvm_bin_path = /Users/emmanuel/.rvm/bin
# environment
PWD = /Users/emmanuel/Documents/CODE/EMMANUELAY.SE
# environment
GEM_HOME = /Users/emmanuel/.rvm/gems/ruby-2.6.5
# environment
rvm_docs_type = 
# environment
ORIGINAL_XDG_CURRENT_DESKTOP = undefined
# environment
VSCODE_AMD_ENTRYPOINT = vs/workbench/services/extensions/node/extensionHostProcess
# environment
HOME = /Users/emmanuel
# default
MAKEFILEPATH := /Applications/Xcode.app/Contents/Developer/Makefiles
# environment
VSCODE_CLI = 1
# environment
LOGNAME = emmanuel
# environment
APPLICATION_INSIGHTS_NO_DIAGNOSTIC_CHANNEL = true
# environment
ZSH = /Users/emmanuel/.oh-my-zsh
# environment
VSCODE_HANDLES_UNCAUGHT_ERRORS = true
# automatic
^D = $(patsubst %/,%,$(dir $^))
# environment
rvm_ruby_bits = 
# environment
GEM_PATH = /Users/emmanuel/.rvm/gems/ruby-2.6.5:/Users/emmanuel/.rvm/gems/ruby-2.6.5@global
# environment
XPC_FLAGS = 0x0
# environment
rvm_ruby_make_install = 
# default
MAKE = $(MAKE_COMMAND)
# default
MAKECMDGOALS := all
# environment
IRBRC = /Users/emmanuel/.rvm/rubies/ruby-2.6.5/.irbrc
# environment
SHLVL = 3
# environment
rvm_quiet_flag = 
# default
MAKE_VERSION := 3.81
# environment
USER = emmanuel
# makefile
.DEFAULT_GOAL := hello
# environment
TERM_SESSION_ID = 09E5D31F-3DBC-4440-9F7D-176594752E18
# environment
rvm_version = 1.29.9 (latest)
# environment
LESS = -R
# automatic
%D = $(patsubst %/,%,$(dir $%))
# default
MAKE_COMMAND := /Applications/Xcode.app/Contents/Developer/usr/bin/make
# environment
TERM_PROGRAM = Apple_Terminal
# default
.VARIABLES := 
# environment
TMPDIR = /var/folders/vr/q9_z0lx552x4ggzzykkdsxyr0000gn/T/
# automatic
*F = $(notdir $*)
# environment
VSCODE_IPC_HOOK = /Users/emmanuel/Library/Application Support/Code/1.54.1-main.sock
# makefile
MAKEFLAGS = Rrqp
# environment
MFLAGS = -Rrqp
# automatic
*D = $(patsubst %/,%,$(dir $*))
# environment
TERM_PROGRAM_VERSION = 440
# environment
rvm_script_name = 
# environment
XPC_SERVICE_NAME = 0
# automatic
+D = $(patsubst %/,%,$(dir $+))
# automatic
+F = $(notdir $+)
# environment
rvm_sdk = 
# environment
__CF_USER_TEXT_ENCODING = 0x1F5:0x0:0x7
# default
MAKEFILES := 
# automatic
<F = $(notdir $<)
# environment
rvm_silent_flag = 
# environment
rvm_gemstone_url = 
# environment
PAGER = less
# environment
rvm_bin_flag = 
# automatic
^F = $(notdir $^)
# environment
rvm_prefix = /Users/emmanuel
# default
SUFFIXES := 
# environment
rvm_ruby_file = 
# default
.INCLUDE_DIRS = /usr/local/include
# environment
MAKELEVEL := 0
# environment
LANG = sv_SE.UTF-8
# environment
TERM = xterm-256color
# environment
rvm_use_flag = 
# environment
rvm_hook = 
# environment
MY_RUBY_HOME = /Users/emmanuel/.rvm/rubies/ruby-2.6.5
# environment
rvm_nightly_flag = 
# variable set hash-table stats:
# Load=101/1024=10%, Rehash=0, Collisions=7/125=6%

# Pattern-specific Variable Values

# No pattern-specific variable values.

# Directories

# . (device 16777220, inode 8659545487): 13 files, no impossibilities.

# 13 files, no impossibilities in 1 directories.

# Implicit Rules

# No implicit rules.

# Files

# Not a target:
all:
#  Command-line target.
#  Implicit rule search has been done.
#  File does not exist.
#  File has not been updated.
# variable set hash-table stats:
# Load=0/32=0%, Rehash=0, Collisions=0/0=0%

# Not a target:
.SUFFIXES:
#  Implicit rule search has not been done.
#  Modification time never checked.
#  File has not been updated.

server:
#  Implicit rule search has not been done.
#  Modification time never checked.
#  File has not been updated.
#  commands to execute (from `makefile', line 9):
	hugo server -D --ignoreCache --disableFastRender --noHTTPCache --watch --minify
	

# Not a target:
makefile:
#  Implicit rule search has been done.
#  Last modified 2021-03-03 08:26:40
#  File has been updated.
#  Successfully updated.
# variable set hash-table stats:
# Load=0/32=0%, Rehash=0, Collisions=0/0=0%

hello:
#  Implicit rule search has not been done.
#  Modification time never checked.
#  File has not been updated.
#  commands to execute (from `makefile', line 3):
	@echo "Makefile"
	

# Not a target:
.DEFAULT:
#  Implicit rule search has not been done.
#  Modification time never checked.
#  File has not been updated.

install:
#  Implicit rule search has not been done.
#  Modification time never checked.
#  File has not been updated.
#  commands to execute (from `makefile', line 6):
	brew install hugo
	

# files hash-table stats:
# Load=7/1024=1%, Rehash=0, Collisions=0/19=0%
# VPATH Search Paths

# No `vpath' search paths.

# No general (`VPATH' variable) search path.

# # of strings in strcache: 1
# # of strcache buffers: 1
# strcache size: total = 4096 / max = 4096 / min = 4096 / avg = 4096
# strcache free: total = 4087 / max = 4087 / min = 4087 / avg = 4087

# Finished Make data base on Tue Mar  9 08:16:46 2021

 
